INFO: 2023-03-31 11:29:37,979: main() 'Using profile folder /home/phuong/.config/variety/'
INFO: 2023-03-31 11:29:37,982: perform_upgrade() 'Last run version was 0.8.10 or earlier, current version is 0.8.10'
INFO: 2023-03-31 11:29:38,107: process_command() 'Received command: []'
INFO: 2023-03-31 11:29:38,108: start() 'Using data_path /usr/share/variety'
INFO: 2023-03-31 11:29:38,108: load() 'Jumble loading'
INFO: 2023-03-31 11:29:38,108: _walk_modules() 'Jumble loading module in __init__ from /usr/lib/python3.11/site-packages/variety/plugins/builtin/__init__.py'
INFO: 2023-03-31 11:29:38,109: _walk_modules() 'Jumble loading module in GnomeDisplayModesPlugin from /usr/lib/python3.11/site-packages/variety/plugins/builtin/display_modes/GnomeDisplayModesPlugin.py'
INFO: 2023-03-31 11:29:38,109: load() 'Jumble found plugin class: <class 'GnomeDisplayModesPlugin.GnomeDisplayModesPlugin'>: {'name': 'GnomeDisplayModesPlugin', 'description': 'Display modes relying on the underlying desktop environment', 'version': '1.0', 'author': 'Peter Levi'}'
INFO: 2023-03-31 11:29:38,109: _walk_modules() 'Jumble loading module in LegacyDisplayModesPlugin from /usr/lib/python3.11/site-packages/variety/plugins/builtin/display_modes/LegacyDisplayModesPlugin.py'
INFO: 2023-03-31 11:29:38,109: load() 'Jumble found plugin class: <class 'LegacyDisplayModesPlugin.LegacyDisplayModesPlugin'>: {'name': 'LegacyDisplayModesPlugin', 'description': 'Legacy display mode for compatibility with past Variety versions', 'version': '1.0', 'author': 'Peter Levi'}'
INFO: 2023-03-31 11:29:38,110: _walk_modules() 'Jumble loading module in ResizingDisplayModesPlugin from /usr/lib/python3.11/site-packages/variety/plugins/builtin/display_modes/ResizingDisplayModesPlugin.py'
INFO: 2023-03-31 11:29:38,110: load() 'Jumble found plugin class: <class 'ResizingDisplayModesPlugin.ResizingDisplayModesPlugin'>: {'name': 'ResizingDisplayModesPlugin', 'description': 'Display modes that use image resizing within Variety', 'version': '1.0', 'author': 'Peter Levi'}'
INFO: 2023-03-31 11:29:38,111: _walk_modules() 'Jumble loading module in __init__ from /usr/lib/python3.11/site-packages/variety/plugins/builtin/display_modes/__init__.py'
INFO: 2023-03-31 11:29:38,111: _walk_modules() 'Jumble loading module in APODDownloader from /usr/lib/python3.11/site-packages/variety/plugins/builtin/downloaders/APODDownloader.py'
INFO: 2023-03-31 11:29:38,112: load() 'Jumble found plugin class: <class 'APODDownloader.APODDownloader'>: {'name': 'APODDownloader', 'description': 'NASA Astro Pic of the Day', 'author': 'Peter Levi', 'version': '0.1'}'
INFO: 2023-03-31 11:29:38,112: _walk_modules() 'Jumble loading module in ArtStationDownloader from /usr/lib/python3.11/site-packages/variety/plugins/builtin/downloaders/ArtStationDownloader.py'
INFO: 2023-03-31 11:29:38,112: _walk_modules() 'Jumble loading module in ArtStationSource from /usr/lib/python3.11/site-packages/variety/plugins/builtin/downloaders/ArtStationSource.py'
INFO: 2023-03-31 11:29:38,113: load() 'Jumble found plugin class: <class 'ArtStationSource.ArtStationSource'>: {'name': 'ArtStationSource', 'description': 'Configurable source for fetching images from ArtStation', 'author': 'Denis Gordeev', 'version': '0.1'}'
INFO: 2023-03-31 11:29:38,113: _walk_modules() 'Jumble loading module in BingDownloader from /usr/lib/python3.11/site-packages/variety/plugins/builtin/downloaders/BingDownloader.py'
INFO: 2023-03-31 11:29:38,114: load() 'Jumble found plugin class: <class 'BingDownloader.BingDownloader'>: {'name': 'BingDownloader', 'description': 'Bing Photo of the Day', 'author': 'Peter Levi', 'version': '0.1'}'
INFO: 2023-03-31 11:29:38,114: _walk_modules() 'Jumble loading module in EarthviewDownloader from /usr/lib/python3.11/site-packages/variety/plugins/builtin/downloaders/EarthviewDownloader.py'
INFO: 2023-03-31 11:29:38,115: load() 'Jumble found plugin class: <class 'EarthviewDownloader.EarthviewDownloader'>: {'name': 'EarthviewDownloader', 'description': 'Google Earth View Wallpapers', 'author': 'Peter Levi', 'version': '0.1'}'
INFO: 2023-03-31 11:29:38,115: _walk_modules() 'Jumble loading module in MediaRSSDownloader from /usr/lib/python3.11/site-packages/variety/plugins/builtin/downloaders/MediaRSSDownloader.py'
INFO: 2023-03-31 11:29:38,116: _walk_modules() 'Jumble loading module in MediaRSSSource from /usr/lib/python3.11/site-packages/variety/plugins/builtin/downloaders/MediaRSSSource.py'
INFO: 2023-03-31 11:29:38,117: load() 'Jumble found plugin class: <class 'MediaRSSSource.MediaRSSSource'>: {'name': 'MediaRSSSource', 'description': 'Configurable source for fetching images from MediaRSS feeds', 'author': 'Peter Levi', 'version': '0.1'}'
INFO: 2023-03-31 11:29:38,117: _walk_modules() 'Jumble loading module in NationalGeographicDownloader from /usr/lib/python3.11/site-packages/variety/plugins/builtin/downloaders/NationalGeographicDownloader.py'
INFO: 2023-03-31 11:29:38,117: load() 'Jumble found plugin class: <class 'NationalGeographicDownloader.NationalGeographicDownloader'>: {'name': 'NationalGeographicDownloader', 'description': "National Geographic's photo of the day", 'author': 'Eric Rösch', 'version': '0.1'}'
INFO: 2023-03-31 11:29:38,117: _walk_modules() 'Jumble loading module in RedditDownloader from /usr/lib/python3.11/site-packages/variety/plugins/builtin/downloaders/RedditDownloader.py'
INFO: 2023-03-31 11:29:38,118: _walk_modules() 'Jumble loading module in RedditSource from /usr/lib/python3.11/site-packages/variety/plugins/builtin/downloaders/RedditSource.py'
INFO: 2023-03-31 11:29:38,119: load() 'Jumble found plugin class: <class 'RedditSource.RedditSource'>: {'name': 'RedditSource', 'description': 'Configurable source for fetching images from Reddit', 'author': 'Peter Levi', 'version': '0.1'}'
INFO: 2023-03-31 11:29:38,119: _walk_modules() 'Jumble loading module in UnsplashConfigurableSource from /usr/lib/python3.11/site-packages/variety/plugins/builtin/downloaders/UnsplashConfigurableSource.py'
INFO: 2023-03-31 11:29:38,120: load() 'Jumble found plugin class: <class 'UnsplashConfigurableSource.UnsplashConfigurableSource'>: {'name': 'UnsplashConfigurableSource', 'description': 'Configurable source for fetching photos from Unsplash.com', 'author': 'Peter Levi', 'version': '0.1'}'
INFO: 2023-03-31 11:29:38,121: _walk_modules() 'Jumble loading module in UnsplashDownloader from /usr/lib/python3.11/site-packages/variety/plugins/builtin/downloaders/UnsplashDownloader.py'
INFO: 2023-03-31 11:29:38,121: load() 'Jumble found plugin class: <class 'UnsplashDownloader.UnsplashDownloader'>: {'name': 'UnsplashDownloader', 'description': 'High-resolution photos from Unsplash.com', 'author': 'Peter Levi', 'version': '0.1'}'
INFO: 2023-03-31 11:29:38,122: _walk_modules() 'Jumble loading module in WallhavenDownloader from /usr/lib/python3.11/site-packages/variety/plugins/builtin/downloaders/WallhavenDownloader.py'
INFO: 2023-03-31 11:29:38,131: _walk_modules() 'Jumble loading module in WallhavenLegacyDownloader from /usr/lib/python3.11/site-packages/variety/plugins/builtin/downloaders/WallhavenLegacyDownloader.py'
INFO: 2023-03-31 11:29:38,131: _walk_modules() 'Jumble loading module in WallhavenSource from /usr/lib/python3.11/site-packages/variety/plugins/builtin/downloaders/WallhavenSource.py'
INFO: 2023-03-31 11:29:38,132: load() 'Jumble found plugin class: <class 'WallhavenSource.WallhavenSource'>: {'name': 'WallhavenSource', 'description': 'Configurable source for fetching images from Wallhaven.cc', 'author': 'Peter Levi', 'version': '0.1'}'
INFO: 2023-03-31 11:29:38,132: _walk_modules() 'Jumble loading module in __init__ from /usr/lib/python3.11/site-packages/variety/plugins/builtin/downloaders/__init__.py'
INFO: 2023-03-31 11:29:38,133: _walk_modules() 'Jumble loading module in FortuneSource from /usr/lib/python3.11/site-packages/variety/plugins/builtin/quotes/FortuneSource.py'
INFO: 2023-03-31 11:29:38,133: load() 'Jumble found plugin class: <class 'FortuneSource.FortuneSource'>: {'name': 'UNIX fortune program', 'description': 'Displays quotes using the UNIX fortune program. You may want to install additional fortune packs, e.g. fortunes-bofh-excuses.', 'author': 'Dan Jones', 'version': '0.1'}'
INFO: 2023-03-31 11:29:38,134: _walk_modules() 'Jumble loading module in GoodreadsSource from /usr/lib/python3.11/site-packages/variety/plugins/builtin/quotes/GoodreadsSource.py'
ERROR: 2023-03-31 11:29:38,134: _walk_modules() 'Could not load plugin module /usr/lib/python3.11/site-packages/variety/plugins/builtin/quotes/GoodreadsSource.py'
Traceback (most recent call last):
  File "/usr/lib/python3.11/site-packages/jumble/Jumble.py", line 45, in _walk_modules
    yield imp.load_module(name, *info), path
          ^^^^^^^^^^^^^^^^^^^^^^^^^^^^
  File "/usr/lib64/python3.11/imp.py", line 235, in load_module
    return load_source(name, filename, file)
           ^^^^^^^^^^^^^^^^^^^^^^^^^^^^^^^^^
  File "/usr/lib64/python3.11/imp.py", line 172, in load_source
    module = _load(spec)
             ^^^^^^^^^^^
  File "<frozen importlib._bootstrap>", line 721, in _load
  File "<frozen importlib._bootstrap>", line 690, in _load_unlocked
  File "<frozen importlib._bootstrap_external>", line 940, in exec_module
  File "<frozen importlib._bootstrap>", line 241, in _call_with_frames_removed
  File "/usr/lib/python3.11/site-packages/variety/plugins/builtin/quotes/GoodreadsSource.py", line 21, in <module>
    from httplib2 import iri2uri
ModuleNotFoundError: No module named 'httplib2'
INFO: 2023-03-31 11:29:38,135: _walk_modules() 'Jumble loading module in LocalFilesSource from /usr/lib/python3.11/site-packages/variety/plugins/builtin/quotes/LocalFilesSource.py'
INFO: 2023-03-31 11:29:38,136: load() 'Jumble found plugin class: <class 'LocalFilesSource.LocalFilesSource'>: {'name': 'Local text files', 'description': 'Displays quotes, defined in local text files.\nPut your own txt files in: ~/.config/variety/pluginconfig/quotes/.\nThe file format is:\n\nquote -- author\n.\nsecond quote -- another author\n.\netc...\n\nExample: http://rvelthuis.de/zips/quotes.txt', 'author': 'Peter Levi', 'version': '0.1'}'
INFO: 2023-03-31 11:29:38,136: _walk_modules() 'Jumble loading module in QuotationsPageSource from /usr/lib/python3.11/site-packages/variety/plugins/builtin/quotes/QuotationsPageSource.py'
ERROR: 2023-03-31 11:29:38,137: _walk_modules() 'Could not load plugin module /usr/lib/python3.11/site-packages/variety/plugins/builtin/quotes/QuotationsPageSource.py'
Traceback (most recent call last):
  File "/usr/lib/python3.11/site-packages/jumble/Jumble.py", line 45, in _walk_modules
    yield imp.load_module(name, *info), path
          ^^^^^^^^^^^^^^^^^^^^^^^^^^^^
  File "/usr/lib64/python3.11/imp.py", line 235, in load_module
    return load_source(name, filename, file)
           ^^^^^^^^^^^^^^^^^^^^^^^^^^^^^^^^^
  File "/usr/lib64/python3.11/imp.py", line 172, in load_source
    module = _load(spec)
             ^^^^^^^^^^^
  File "<frozen importlib._bootstrap>", line 721, in _load
  File "<frozen importlib._bootstrap>", line 690, in _load_unlocked
  File "<frozen importlib._bootstrap_external>", line 940, in exec_module
  File "<frozen importlib._bootstrap>", line 241, in _call_with_frames_removed
  File "/usr/lib/python3.11/site-packages/variety/plugins/builtin/quotes/QuotationsPageSource.py", line 22, in <module>
    from httplib2 import iri2uri
ModuleNotFoundError: No module named 'httplib2'
INFO: 2023-03-31 11:29:38,137: _walk_modules() 'Jumble loading module in UrbanDictionarySource from /usr/lib/python3.11/site-packages/variety/plugins/builtin/quotes/UrbanDictionarySource.py'
INFO: 2023-03-31 11:29:38,137: load() 'Jumble found plugin class: <class 'UrbanDictionarySource.UrbanDictionarySource'>: {'name': 'Urban Dictionary', 'description': 'Displays definitions from Urban Dictionary', 'author': 'James Miller', 'version': '0.1'}'
INFO: 2023-03-31 11:29:38,138: _walk_modules() 'Jumble loading module in __init__ from /usr/lib/python3.11/site-packages/variety/plugins/builtin/quotes/__init__.py'
INFO: 2023-03-31 11:29:38,149: reload_config() 'Creating new downloader for type wallhaven, location https://wallhaven.cc/search?q=makima&categories=010&purity=111&sorting=random'
INFO: 2023-03-31 11:29:38,150: log_options() 'Loaded options:'
INFO: 2023-03-31 11:29:38,150: log_options() 'change_enabled = True'
INFO: 2023-03-31 11:29:38,150: log_options() 'change_interval = 600'
INFO: 2023-03-31 11:29:38,150: log_options() 'change_on_start = False'
INFO: 2023-03-31 11:29:38,150: log_options() 'clipboard_enabled = True'
INFO: 2023-03-31 11:29:38,150: log_options() 'clipboard_hosts = ['wallhaven.cc', 'wallpapers.net', 'flickr.com', 'imgur.com', 'deviantart.com', 'interfacelift.com', 'vladstudio.com', 'imageshack.us', 'deviantart.net', 'imageshack.com', 'wall.alphacoders.com', 'https://wall.alphacoders.com']'
INFO: 2023-03-31 11:29:38,150: log_options() 'clipboard_use_whitelist = False'
INFO: 2023-03-31 11:29:38,150: log_options() 'clock_date_font = Serif 30'
INFO: 2023-03-31 11:29:38,150: log_options() 'clock_enabled = False'
INFO: 2023-03-31 11:29:38,150: log_options() 'clock_filter = -density 100 -font `fc-match -f '%{file[0]}' '%CLOCK_FONT_NAME'` -pointsize %CLOCK_FONT_SIZE -gravity SouthEast -fill '#00000044' -annotate 0x0+[%HOFFSET+58]+[%VOFFSET+108] '%H:%M' -fill white -annotate 0x0+[%HOFFSET+60]+[%VOFFSET+110] '%H:%M' -font `fc-match -f '%{file[0]}' '%DATE_FONT_NAME'` -pointsize %DATE_FONT_SIZE -fill '#00000044' -annotate 0x0+[%HOFFSET+58]+[%VOFFSET+58] '%A, %B %d' -fill white -annotate 0x0+[%HOFFSET+60]+[%VOFFSET+60] '%A, %B %d''
INFO: 2023-03-31 11:29:38,150: log_options() 'clock_font = Serif 70'
INFO: 2023-03-31 11:29:38,150: log_options() 'configfile = /home/phuong/.config/variety/variety.conf'
INFO: 2023-03-31 11:29:38,150: log_options() 'copyto_enabled = False'
INFO: 2023-03-31 11:29:38,150: log_options() 'copyto_folder = Default'
INFO: 2023-03-31 11:29:38,150: log_options() 'desired_color = [160, 160, 160]'
INFO: 2023-03-31 11:29:38,150: log_options() 'desired_color_enabled = False'
INFO: 2023-03-31 11:29:38,150: log_options() 'download_folder = /home/phuong/.config/variety/Downloaded'
INFO: 2023-03-31 11:29:38,150: log_options() 'download_preference_ratio = 0.9'
INFO: 2023-03-31 11:29:38,150: log_options() 'favorites_folder = /home/phuong/.config/variety/Favorites'
INFO: 2023-03-31 11:29:38,150: log_options() 'favorites_operations = [['Downloaded', 'Copy'], ['Fetched', 'Move'], ['Others', 'Copy']]'
INFO: 2023-03-31 11:29:38,150: log_options() 'fetched_folder = /home/phuong/.config/variety/Fetched'
INFO: 2023-03-31 11:29:38,150: log_options() 'filters = [[False, 'Keep original', ''], [False, 'Grayscale', '-type Grayscale'], [False, 'Heavy blur', '-scale 20% -blur 0x10 -resize 500%'], [False, 'Soft blur', '-scale 20% -blur 0x2 -resize 500%'], [False, 'Oil painting', '-paint 8'], [False, 'Pointilism', '-spread 10 -noise 3'], [False, 'Pixellate', '-scale 3% -scale 3333%']]'
INFO: 2023-03-31 11:29:38,150: log_options() 'get_wallpaper_script = /home/phuong/.config/variety/scripts/get_wallpaper'
INFO: 2023-03-31 11:29:38,150: log_options() 'icon = Light'
INFO: 2023-03-31 11:29:38,150: log_options() 'internet_enabled = True'
INFO: 2023-03-31 11:29:38,150: log_options() 'lightness_enabled = False'
INFO: 2023-03-31 11:29:38,150: log_options() 'lightness_mode = 0'
INFO: 2023-03-31 11:29:38,150: log_options() 'min_rating = 4'
INFO: 2023-03-31 11:29:38,150: log_options() 'min_rating_enabled = False'
INFO: 2023-03-31 11:29:38,150: log_options() 'min_size = 80'
INFO: 2023-03-31 11:29:38,150: log_options() 'min_size_enabled = False'
INFO: 2023-03-31 11:29:38,150: log_options() 'quota_enabled = True'
INFO: 2023-03-31 11:29:38,150: log_options() 'quota_size = 1000'
INFO: 2023-03-31 11:29:38,150: log_options() 'quotes_authors = '
INFO: 2023-03-31 11:29:38,150: log_options() 'quotes_bg_color = [80, 80, 80]'
INFO: 2023-03-31 11:29:38,150: log_options() 'quotes_bg_opacity = 55'
INFO: 2023-03-31 11:29:38,150: log_options() 'quotes_change_enabled = False'
INFO: 2023-03-31 11:29:38,150: log_options() 'quotes_change_interval = 300'
INFO: 2023-03-31 11:29:38,150: log_options() 'quotes_disabled_sources = ['Urban Dictionary']'
INFO: 2023-03-31 11:29:38,150: log_options() 'quotes_enabled = False'
INFO: 2023-03-31 11:29:38,150: log_options() 'quotes_favorites_file = /home/phuong/.config/variety/favorite_quotes.txt'
INFO: 2023-03-31 11:29:38,150: log_options() 'quotes_font = Serif 30'
INFO: 2023-03-31 11:29:38,150: log_options() 'quotes_hpos = 100'
INFO: 2023-03-31 11:29:38,151: log_options() 'quotes_max_length = 250'
INFO: 2023-03-31 11:29:38,151: log_options() 'quotes_tags = '
INFO: 2023-03-31 11:29:38,151: log_options() 'quotes_text_color = [255, 255, 255]'
INFO: 2023-03-31 11:29:38,151: log_options() 'quotes_text_shadow = False'
INFO: 2023-03-31 11:29:38,151: log_options() 'quotes_vpos = 40'
INFO: 2023-03-31 11:29:38,151: log_options() 'quotes_width = 70'
INFO: 2023-03-31 11:29:38,151: log_options() 'safe_mode = False'
INFO: 2023-03-31 11:29:38,151: log_options() 'set_wallpaper_script = /home/phuong/.config/variety/scripts/set_wallpaper'
INFO: 2023-03-31 11:29:38,151: log_options() 'slideshow_custom_enabled = False'
INFO: 2023-03-31 11:29:38,151: log_options() 'slideshow_custom_folder = /home/phuong/Pictures'
INFO: 2023-03-31 11:29:38,151: log_options() 'slideshow_downloads_enabled = False'
INFO: 2023-03-31 11:29:38,151: log_options() 'slideshow_fade = 0.4'
INFO: 2023-03-31 11:29:38,151: log_options() 'slideshow_favorites_enabled = True'
INFO: 2023-03-31 11:29:38,151: log_options() 'slideshow_mode = Fullscreen'
INFO: 2023-03-31 11:29:38,151: log_options() 'slideshow_monitor = All'
INFO: 2023-03-31 11:29:38,151: log_options() 'slideshow_pan = 0.05'
INFO: 2023-03-31 11:29:38,151: log_options() 'slideshow_seconds = 6.0'
INFO: 2023-03-31 11:29:38,151: log_options() 'slideshow_sort_order = Random'
INFO: 2023-03-31 11:29:38,151: log_options() 'slideshow_sources_enabled = True'
INFO: 2023-03-31 11:29:38,151: log_options() 'slideshow_zoom = 0.2'
INFO: 2023-03-31 11:29:38,151: log_options() 'smart_enabled = False'
INFO: 2023-03-31 11:29:38,151: log_options() 'smart_notice_shown = False'
INFO: 2023-03-31 11:29:38,151: log_options() 'smart_register_shown = False'
INFO: 2023-03-31 11:29:38,151: log_options() 'sources = [[True, 'favorites', 'The Favorites folder'], [True, 'fetched', 'The Fetched folder'], [False, 'folder', '/usr/share/backgrounds'], [False, 'flickr', 'user:www.flickr.com/photos/peter-levi/;user_id:93647178@N00;'], [False, 'apod', "NASA's Astronomy Picture of the Day"], [False, 'bing', 'Bing Photo of the Day'], [False, 'earthview', 'Google Earth View Wallpapers'], [False, 'natgeo', "National Geographic's photo of the day"], [False, 'unsplash', 'High-resolution photos from Unsplash.com'], [True, 'folder', '/home/phuong/Pictures/wallpapers'], [True, 'wallhaven', 'https://wallhaven.cc/search?q=makima&categories=010&purity=111&sorting=random']]'
INFO: 2023-03-31 11:29:38,151: log_options() 'stats_enabled = True'
INFO: 2023-03-31 11:29:38,151: log_options() 'stats_notice_shown = False'
INFO: 2023-03-31 11:29:38,151: log_options() 'sync_enabled = True'
INFO: 2023-03-31 11:29:38,151: log_options() 'use_landscape_enabled = True'
INFO: 2023-03-31 11:29:38,151: log_options() 'wallhaven_api_key = IF61M5CX1epUYnsCYplwlpjmzQJmjNSB'
INFO: 2023-03-31 11:29:38,151: log_options() 'wallpaper_auto_rotate = False'
INFO: 2023-03-31 11:29:38,151: log_options() 'wallpaper_display_mode = gnome-scaled'
INFO: 2023-03-31 11:29:38,151: reload_config() 'No need to clear prepared queue'
INFO: 2023-03-31 11:29:38,151: update_indicator() 'Setting file info to: /home/phuong/.config/variety/Fetched/1250735.jpg'
INFO: 2023-03-31 11:29:38,152: load_last_change_time() 'Change interval < 6 hours, ignore persisted last_change_time, wait initially the whole interval: 600'
INFO: 2023-03-31 11:29:38,152: update_indicator() 'Setting file info to: /home/phuong/.config/variety/Fetched/1250735.jpg'
INFO: 2023-03-31 11:29:38,153: regular_change_thread() 'regular_change thread running'
INFO: 2023-03-31 11:29:38,153: prepare_thread() 'Prepare thread running'
INFO: 2023-03-31 11:29:38,153: prepare_thread() 'Prepared buffer contains 0 images'
INFO: 2023-03-31 11:29:38,153: prepare_thread() 'Preparing some images'
INFO: 2023-03-31 11:29:38,153: get_throttling() 'Wallhaven.cc: parsing serverside options'
INFO: 2023-03-31 11:29:38,153: get_throttling() 'Could not parse Wallhaven.cc serverside options, using defaults 360, 40'
INFO: 2023-03-31 11:29:38,154: get_throttling() 'Wallhaven.cc: parsing serverside options'
INFO: 2023-03-31 11:29:38,154: get_throttling() 'Could not parse Wallhaven.cc serverside options, using defaults 360, 40'
INFO: 2023-03-31 11:29:38,154: download_one() 'Wallhaven.cc: Downloading an image, config: https://wallhaven.cc/search?q=makima&categories=010&purity=111&sorting=random'
INFO: 2023-03-31 11:29:38,154: download_one() 'Wallhaven.cc: Queue size: 0'
INFO: 2023-03-31 11:29:38,154: get_throttling() 'Wallhaven.cc: parsing serverside options'
INFO: 2023-03-31 11:29:38,154: get_throttling() 'Could not parse Wallhaven.cc serverside options, using defaults 360, 40'
INFO: 2023-03-31 11:29:38,154: download_one() 'Wallhaven.cc: Filling queue'
INFO: 2023-03-31 11:29:38,154: search() 'Performing wallhaven search: url=https://wallhaven.cc/api/v1/search?q=makima&categories=010&purity=111&sorting=random&apikey=IF61M5CX1epUYnsCYplwlpjmzQJmjNSB'
INFO: 2023-03-31 11:29:38,155: update_indicator_icon() 'Creating indicator'
WARNING: 2023-03-31 11:29:38,189: create_menu() 'Variety Slideshow is not installed. This is an optional extension adding pan-and-zoom slideshows to Variety: see https://github.com/peterlevi/variety-slideshow for details'
INFO: 2023-03-31 11:29:38,190: create_indicator() 'indicator backend: AppIndicator3'
INFO: 2023-03-31 11:29:38,240: prepare_thread() 'After search prepared buffer contains 100 images'
INFO: 2023-03-31 11:29:38,252: do_set_wp() 'Calling do_set_wp with /home/phuong/.config/variety/Fetched/1250735.jpg, time: 1680236978.2528548'
INFO: 2023-03-31 11:29:38,562: set_from_theme_icon() 'Showing indicator icon variety-indicator from GTK theme'
INFO: 2023-03-31 11:29:38,562: update_indicator() 'Setting file info to: /home/phuong/.config/variety/Fetched/1250735.jpg'
INFO: 2023-03-31 11:29:38,563: list_files() 'More than 1 files in the folders, stop listing'
INFO: 2023-03-31 11:29:39,022: download_one() 'Wallhaven.cc: Queue populated with 24 URLs'
INFO: 2023-03-31 11:29:39,022: download_queue_item() 'Wallpaper URL: https://wallhaven.cc/w/wqjw9r'
INFO: 2023-03-31 11:29:39,023: download_queue_item() 'Image src URL: https://w.wallhaven.cc/full/wq/wallhaven-wqjw9r.jpg'
INFO: 2023-03-31 11:29:39,546: save_locally() 'Origin URL: https://wallhaven.cc/w/wqjw9r'
INFO: 2023-03-31 11:29:39,547: save_locally() 'Image URL: https://w.wallhaven.cc/full/wq/wallhaven-wqjw9r.jpg'
INFO: 2023-03-31 11:29:39,547: save_locally() 'Local path: /home/phuong/.config/variety/Downloaded/wallhaven_wallhaven_cc_search_q_makima_categories_010_purity_111_sorting_random/wallhaven-wqjw9r.jpg'
INFO: 2023-03-31 11:29:39,547: save_locally() 'File already exists, skip downloading'
INFO: 2023-03-31 11:29:39,566: reload() 'Reloading preferences dialog'
INFO: 2023-03-31 11:29:40,240: trigger_download() 'Triggering download thread to check if download needed and possible'
INFO: 2023-03-31 11:29:58,154: server_options_thread() 'Fetching server options from http://tiny.cc/variety-options-063'
INFO: 2023-03-31 11:30:00,343: server_options_thread() 'Fetched server options: {'flickr': {'min_fill_queue_interval': 1200, 'min_download_interval': 1200}, 'wallbase': {'min_fill_queue_interval': 1800, 'min_download_interval': 1800}, 'wallhaven': {'min_fill_queue_interval': 1800, 'min_download_interval': 1800}, 'wallpapers.net': {'min_fill_queue_interval': 601, 'min_download_interval': 0}, 'unsplash': {'min_fill_queue_interval': 20000000000, 'min_download_interval': 20000000000}, 'unsplash_v2': {'min_fill_queue_interval': 3600, 'min_download_interval': 1800}, 'status_message': {'0.0.1': '', '*': ''}}'
INFO: 2023-03-31 11:32:40,547: get_throttling() 'Wallhaven.cc: parsing serverside options'
INFO: 2023-03-31 11:32:40,547: get_throttling() 'Wallhaven.cc serverside options: {'min_fill_queue_interval': 1800, 'min_download_interval': 1800}'
INFO: 2023-03-31 11:32:40,547: get_throttling() 'Wallhaven.cc: parsing serverside options'
INFO: 2023-03-31 11:32:40,547: get_throttling() 'Wallhaven.cc serverside options: {'min_fill_queue_interval': 1800, 'min_download_interval': 1800}'
INFO: 2023-03-31 11:32:40,547: download_one() 'Wallhaven.cc: Downloading an image, config: https://wallhaven.cc/search?q=makima&categories=010&purity=111&sorting=random'
INFO: 2023-03-31 11:32:40,547: download_one() 'Wallhaven.cc: Queue size: 23'
INFO: 2023-03-31 11:32:40,547: download_one() 'Wallhaven.cc: Queue populated with 23 URLs'
INFO: 2023-03-31 11:32:40,547: download_queue_item() 'Wallpaper URL: https://wallhaven.cc/w/6dojrx'
INFO: 2023-03-31 11:32:40,547: download_queue_item() 'Image src URL: https://w.wallhaven.cc/full/6d/wallhaven-6dojrx.png'
INFO: 2023-03-31 11:32:41,820: save_locally() 'URL https://wallhaven.cc/w/6dojrx is banned, skip downloading'
